[debug] [2021-11-19T08:21:52.446Z] ----------------------------------------------------------------------
[debug] [2021-11-19T08:21:52.449Z] Command:       /usr/bin/node /usr/local/bin/firebase deploy --only hosting
[debug] [2021-11-19T08:21:52.450Z] CLI Version:   9.23.0
[debug] [2021-11-19T08:21:52.450Z] Platform:      linux
[debug] [2021-11-19T08:21:52.450Z] Node Version:  v12.22.5
[debug] [2021-11-19T08:21:52.450Z] Time:          Fri Nov 19 2021 13:51:52 GMT+0530 (India Standard Time)
[debug] [2021-11-19T08:21:52.451Z] ----------------------------------------------------------------------
[debug] 
[debug] [2021-11-19T08:21:52.521Z] > command requires scopes: ["email","openid","https://www.googleapis.com/auth/cloudplatformprojects.readonly","https://www.googleapis.com/auth/firebase","https://www.googleapis.com/auth/cloud-platform"]
[debug] [2021-11-19T08:21:52.521Z] > authorizing via signed-in user (harishdalal76@gmail.com)
[debug] [2021-11-19T08:21:52.521Z] [iam] checking project inmyonion for permissions ["firebase.projects.get","firebasehosting.sites.update"]
[debug] [2021-11-19T08:21:52.524Z] > refreshing access token with scopes: ["email","https://www.googleapis.com/auth/cloud-platform","https://www.googleapis.com/auth/cloudplatformprojects.readonly","https://www.googleapis.com/auth/firebase","openid"]
[debug] [2021-11-19T08:21:52.525Z] >>> HTTP REQUEST POST https://www.googleapis.com/oauth2/v3/token  
 <request body omitted>
[debug] [2021-11-19T08:21:53.879Z] <<< HTTP RESPONSE 200 {"pragma":"no-cache","expires":"Mon, 01 Jan 1990 00:00:00 GMT","date":"Fri, 19 Nov 2021 08:21:53 GMT","cache-control":"no-cache, no-store, max-age=0, must-revalidate","content-type":"application/json; charset=utf-8","vary":"X-Origin, Referer, Origin,Accept-Encoding","server":"scaffolding on HTTPServer2","x-xss-protection":"0","x-frame-options":"SAMEORIGIN","x-content-type-options":"nosniff","alt-svc":"h3=\":443\"; ma=2592000,h3-29=\":443\"; ma=2592000,h3-Q050=\":443\"; ma=2592000,h3-Q046=\":443\"; ma=2592000,h3-Q043=\":443\"; ma=2592000,quic=\":443\"; ma=2592000; v=\"46,43\"","accept-ranges":"none","transfer-encoding":"chunked"}
[debug] [2021-11-19T08:21:54.139Z] >>> HTTP REQUEST POST https://cloudresourcemanager.googleapis.com/v1/projects/inmyonion:testIamPermissions  
 {"permissions":["firebase.projects.get","firebasehosting.sites.update"]}
[debug] [2021-11-19T08:21:56.627Z] <<< HTTP RESPONSE 200 {"content-type":"application/json; charset=UTF-8","vary":"X-Origin, Referer, Origin,Accept-Encoding","date":"Fri, 19 Nov 2021 08:21:55 GMT","server":"ESF","cache-control":"private","x-xss-protection":"0","x-frame-options":"SAMEORIGIN","x-content-type-options":"nosniff","server-timing":"gfet4t7; dur=548","alt-svc":"h3=\":443\"; ma=2592000,h3-29=\":443\"; ma=2592000,h3-Q050=\":443\"; ma=2592000,h3-Q046=\":443\"; ma=2592000,h3-Q043=\":443\"; ma=2592000,quic=\":443\"; ma=2592000; v=\"46,43\"","accept-ranges":"none","transfer-encoding":"chunked"}
[debug] [2021-11-19T08:21:56.633Z] > refreshing access token with scopes: []
[debug] [2021-11-19T08:21:56.634Z] >>> HTTP REQUEST POST https://www.googleapis.com/oauth2/v3/token  
 <request body omitted>
[debug] [2021-11-19T08:21:58.986Z] <<< HTTP RESPONSE 200 {"date":"Fri, 19 Nov 2021 08:21:58 GMT","pragma":"no-cache","cache-control":"no-cache, no-store, max-age=0, must-revalidate","expires":"Mon, 01 Jan 1990 00:00:00 GMT","content-type":"application/json; charset=utf-8","vary":"X-Origin, Referer, Origin,Accept-Encoding","server":"scaffolding on HTTPServer2","x-xss-protection":"0","x-frame-options":"SAMEORIGIN","x-content-type-options":"nosniff","alt-svc":"h3=\":443\"; ma=2592000,h3-29=\":443\"; ma=2592000,h3-Q050=\":443\"; ma=2592000,h3-Q046=\":443\"; ma=2592000,h3-Q043=\":443\"; ma=2592000,quic=\":443\"; ma=2592000; v=\"46,43\"","accept-ranges":"none","transfer-encoding":"chunked"}
[debug] [2021-11-19T08:21:59.004Z] >>> [apiv2][query] GET https://firebase.googleapis.com/v1beta1/projects/inmyonion [none]
[debug] [2021-11-19T08:22:00.641Z] <<< [apiv2][status] GET https://firebase.googleapis.com/v1beta1/projects/inmyonion 200
[debug] [2021-11-19T08:22:00.641Z] <<< [apiv2][body] GET https://firebase.googleapis.com/v1beta1/projects/inmyonion {"projectId":"inmyonion","projectNumber":"798158662756","displayName":"myonionbox","name":"projects/inmyonion","resources":{"hostingSite":"inmyonion","realtimeDatabaseInstance":"inmyonion","storageBucket":"inmyonion.appspot.com","locationId":"asia-south1"},"state":"ACTIVE"}
[info] 
[info] === Deploying to 'inmyonion'...
[info] 
[info] i  deploying hosting 
[debug] [2021-11-19T08:22:00.654Z] > refreshing access token with scopes: ["email","https://www.googleapis.com/auth/cloud-platform","https://www.googleapis.com/auth/cloudplatformprojects.readonly","https://www.googleapis.com/auth/firebase","openid"]
[debug] [2021-11-19T08:22:00.655Z] >>> HTTP REQUEST POST https://www.googleapis.com/oauth2/v3/token  
 <request body omitted>
[debug] [2021-11-19T08:22:17.417Z] <<< HTTP RESPONSE 200 {"pragma":"no-cache","cache-control":"no-cache, no-store, max-age=0, must-revalidate","date":"Fri, 19 Nov 2021 08:22:17 GMT","expires":"Mon, 01 Jan 1990 00:00:00 GMT","content-type":"application/json; charset=utf-8","vary":"X-Origin, Referer, Origin,Accept-Encoding","server":"scaffolding on HTTPServer2","x-xss-protection":"0","x-frame-options":"SAMEORIGIN","x-content-type-options":"nosniff","alt-svc":"h3=\":443\"; ma=2592000,h3-29=\":443\"; ma=2592000,h3-Q050=\":443\"; ma=2592000,h3-Q046=\":443\"; ma=2592000,h3-Q043=\":443\"; ma=2592000,quic=\":443\"; ma=2592000; v=\"46,43\"","accept-ranges":"none","transfer-encoding":"chunked"}
[debug] [2021-11-19T08:22:17.430Z] >>> HTTP REQUEST POST https://firebasehosting.googleapis.com/v1beta1/sites/inmyonion/versions  
 {"config":{"rewrites":[{"glob":"**","path":"/index.html"}]},"labels":{"deployment-tool":"cli-firebase"}}
[debug] [2021-11-19T08:22:19.817Z] <<< HTTP RESPONSE 200 {"content-type":"application/json; charset=UTF-8","vary":"X-Origin, Referer, Origin,Accept-Encoding","date":"Fri, 19 Nov 2021 08:22:19 GMT","server":"ESF","cache-control":"private","x-xss-protection":"0","x-frame-options":"SAMEORIGIN","x-content-type-options":"nosniff","alt-svc":"h3=\":443\"; ma=2592000,h3-29=\":443\"; ma=2592000,h3-Q050=\":443\"; ma=2592000,h3-Q046=\":443\"; ma=2592000,h3-Q043=\":443\"; ma=2592000,quic=\":443\"; ma=2592000; v=\"46,43\"","accept-ranges":"none","transfer-encoding":"chunked"}
[info] i  hosting[inmyonion]: beginning deploy... 
[info] i  hosting[inmyonion]: found 21 files in build 
[debug] [2021-11-19T08:22:19.870Z] [hosting] hash cache [YnVpbGQ] not populated
[debug] [2021-11-19T08:22:20.831Z] > refreshing access token with scopes: []
[debug] [2021-11-19T08:22:20.831Z] >>> HTTP REQUEST POST https://www.googleapis.com/oauth2/v3/token  
 <request body omitted>
[debug] [2021-11-19T08:22:20.833Z] [hosting] hash cache [YnVpbGQ] stored for 21 files
[debug] [2021-11-19T08:22:20.834Z] [hosting][hash queue][FINAL] {"max":951,"min":20,"avg":78.9047619047619,"active":0,"complete":21,"success":21,"errored":0,"retried":0,"total":21,"elapsed":963}
[debug] [2021-11-19T08:22:37.260Z] <<< HTTP RESPONSE 200 {"expires":"Mon, 01 Jan 1990 00:00:00 GMT","date":"Fri, 19 Nov 2021 08:22:37 GMT","pragma":"no-cache","cache-control":"no-cache, no-store, max-age=0, must-revalidate","content-type":"application/json; charset=utf-8","vary":"X-Origin, Referer, Origin,Accept-Encoding","server":"scaffolding on HTTPServer2","x-xss-protection":"0","x-frame-options":"SAMEORIGIN","x-content-type-options":"nosniff","alt-svc":"h3=\":443\"; ma=2592000,h3-29=\":443\"; ma=2592000,h3-Q050=\":443\"; ma=2592000,h3-Q046=\":443\"; ma=2592000,h3-Q043=\":443\"; ma=2592000,quic=\":443\"; ma=2592000; v=\"46,43\"","accept-ranges":"none","transfer-encoding":"chunked"}
[debug] [2021-11-19T08:22:37.269Z] >>> [apiv2][query] POST https://firebasehosting.googleapis.com/v1beta1/sites/inmyonion/versions/24b3c2da6ca14dab:populateFiles [none]
[debug] [2021-11-19T08:22:37.269Z] >>> [apiv2][body] POST https://firebasehosting.googleapis.com/v1beta1/sites/inmyonion/versions/24b3c2da6ca14dab:populateFiles {"files":{"/asset-manifest.json":"58545f5fcf7613f6b810e57576258cba595a9dbbfb047b3fda5ae100547f05ed","/favicon.ico":"b90db2706ed32b44645dcd58a9177b0395395d315ff6bfe247a6f1db62164f2d","/index.html":"eff4870d24f1a2c2e103b435ec80b3882d0a1bd83a21d409ce80881d37746949","/manifest.json":"3da78b3ab44db48f3b85a2f57886a1846572d8661695041b82f731ac683ad242","/precache-manifest.d557b5e4467a6b12217f0b19847d26f6.js":"1059d987c60856ef41e06ae9707cb742695f36ed2276b117bd05be77110f9bf5","/robots.txt":"2544ca049f223a42bff01f72ad930a5edba75bbb7199d0f8430a02ff5aca16ec","/static/css/main.00ffee21.chunk.css":"f22e33e41d9ecc6b44a5704975781ece8206ed33314e6b479122f5c97fcdf115","/service-worker.js":"7311dc2bb704a5c19eb62c0469c1d0db2ef23aea220957b96744c2534f296f77","/static/js/2.124c374f.chunk.js.LICENSE.txt":"6ab58428d77df455783194ec0baba40a11e238c16c9dd1b9cabed80f569c7f7c","/static/css/main.00ffee21.chunk.css.map":"e54539ca2a0bd801622bce5e20f1c9c38170ce9d0ea352db7fd1034ccde51887","/static/js/runtime-main.50174b99.js":"d327992566a724bf0fb7cc7347d206ba3ebdc4242276aedd986dd40a10339d8b","/static/js/main.0376c5d6.chunk.js":"a9be5bc98dea4885de33a9abe0ba3e1fc434f1c44461ebaa7479e47bf3b7a664","/static/js/runtime-main.50174b99.js.map":"f63fd67cfaed506d9e1813d94f918981517d38f10e3b2c673d251012c4564b1e","/static/media/user.de2921d8.png":"9cdfc7861f39d6b5e5ed613970414f4ef0f745cdb6f011cf6fcf6cdf4461ae03","/logo.jpeg":"4dfd9f8e94548c4387e784a921cd7d204e07efab03f1b17b14596f7b9c28dd1a","/static/js/main.0376c5d6.chunk.js.map":"96dc3a080a45e1cf054ad7e2129d4d138d93e5a610b9a750edfaf6bfb6900a08","/logo1.png":"af4877152eed0ff797f6408f4a96758feca04f3b4f4ad6e55e51e3eca83ff949","/logo2.png":"bcbbaf8842e5b32cd99ee89d25df999dae357a0e939729081718fe76a88e809a","/static/media/quora_bg_image.6d39d5bc.png":"a557f696d069b4a3f228846e98ae1151211c3621c3b74f6c6f60773233f5e416","/static/js/2.124c374f.chunk.js":"abb1ea9f09d118c3e5c73c1d4d424ad0de8564e1f3cf748640132a374a967057","/static/js/2.124c374f.chunk.js.map":"92a57cad60e65666db8c6503756112fe3d0092771b3a6762c6981e4a98616e65"}}
[debug] [2021-11-19T08:22:39.269Z] <<< [apiv2][status] POST https://firebasehosting.googleapis.com/v1beta1/sites/inmyonion/versions/24b3c2da6ca14dab:populateFiles 200
[debug] [2021-11-19T08:22:39.269Z] <<< [apiv2][body] POST https://firebasehosting.googleapis.com/v1beta1/sites/inmyonion/versions/24b3c2da6ca14dab:populateFiles {"uploadRequiredHashes":["58545f5fcf7613f6b810e57576258cba595a9dbbfb047b3fda5ae100547f05ed","f63fd67cfaed506d9e1813d94f918981517d38f10e3b2c673d251012c4564b1e","9cdfc7861f39d6b5e5ed613970414f4ef0f745cdb6f011cf6fcf6cdf4461ae03","e54539ca2a0bd801622bce5e20f1c9c38170ce9d0ea352db7fd1034ccde51887","2544ca049f223a42bff01f72ad930a5edba75bbb7199d0f8430a02ff5aca16ec","a557f696d069b4a3f228846e98ae1151211c3621c3b74f6c6f60773233f5e416","92a57cad60e65666db8c6503756112fe3d0092771b3a6762c6981e4a98616e65","eff4870d24f1a2c2e103b435ec80b3882d0a1bd83a21d409ce80881d37746949","bcbbaf8842e5b32cd99ee89d25df999dae357a0e939729081718fe76a88e809a","d327992566a724bf0fb7cc7347d206ba3ebdc4242276aedd986dd40a10339d8b","f22e33e41d9ecc6b44a5704975781ece8206ed33314e6b479122f5c97fcdf115","af4877152eed0ff797f6408f4a96758feca04f3b4f4ad6e55e51e3eca83ff949","b90db2706ed32b44645dcd58a9177b0395395d315ff6bfe247a6f1db62164f2d","6ab58428d77df455783194ec0baba40a11e238c16c9dd1b9cabed80f569c7f7c","4dfd9f8e94548c4387e784a921cd7d204e07efab03f1b17b14596f7b9c28dd1a","3da78b3ab44db48f3b85a2f57886a1846572d8661695041b82f731ac683ad242","1059d987c60856ef41e06ae9707cb742695f36ed2276b117bd05be77110f9bf5","96dc3a080a45e1cf054ad7e2129d4d138d93e5a610b9a750edfaf6bfb6900a08","a9be5bc98dea4885de33a9abe0ba3e1fc434f1c44461ebaa7479e47bf3b7a664","abb1ea9f09d118c3e5c73c1d4d424ad0de8564e1f3cf748640132a374a967057","7311dc2bb704a5c19eb62c0469c1d0db2ef23aea220957b96744c2534f296f77"],"uploadUrl":"https://upload-firebasehosting.googleapis.com/upload/sites/inmyonion/versions/24b3c2da6ca14dab/files"}
[debug] [2021-11-19T08:22:39.284Z] >>> [apiv2][query] POST https://upload-firebasehosting.googleapis.com/upload/sites/inmyonion/versions/24b3c2da6ca14dab/files/58545f5fcf7613f6b810e57576258cba595a9dbbfb047b3fda5ae100547f05ed [none]
[debug] [2021-11-19T08:22:39.284Z] >>> [apiv2][body] POST https://upload-firebasehosting.googleapis.com/upload/sites/inmyonion/versions/24b3c2da6ca14dab/files/58545f5fcf7613f6b810e57576258cba595a9dbbfb047b3fda5ae100547f05ed [stream]
[debug] [2021-11-19T08:22:39.293Z] >>> [apiv2][query] POST https://upload-firebasehosting.googleapis.com/upload/sites/inmyonion/versions/24b3c2da6ca14dab/files/f63fd67cfaed506d9e1813d94f918981517d38f10e3b2c673d251012c4564b1e [none]
[debug] [2021-11-19T08:22:39.294Z] >>> [apiv2][body] POST https://upload-firebasehosting.googleapis.com/upload/sites/inmyonion/versions/24b3c2da6ca14dab/files/f63fd67cfaed506d9e1813d94f918981517d38f10e3b2c673d251012c4564b1e [stream]
[debug] [2021-11-19T08:22:39.297Z] >>> [apiv2][query] POST https://upload-firebasehosting.googleapis.com/upload/sites/inmyonion/versions/24b3c2da6ca14dab/files/9cdfc7861f39d6b5e5ed613970414f4ef0f745cdb6f011cf6fcf6cdf4461ae03 [none]
[debug] [2021-11-19T08:22:39.297Z] >>> [apiv2][body] POST https://upload-firebasehosting.googleapis.com/upload/sites/inmyonion/versions/24b3c2da6ca14dab/files/9cdfc7861f39d6b5e5ed613970414f4ef0f745cdb6f011cf6fcf6cdf4461ae03 [stream]
[debug] [2021-11-19T08:22:39.299Z] >>> [apiv2][query] POST https://upload-firebasehosting.googleapis.com/upload/sites/inmyonion/versions/24b3c2da6ca14dab/files/e54539ca2a0bd801622bce5e20f1c9c38170ce9d0ea352db7fd1034ccde51887 [none]
[debug] [2021-11-19T08:22:39.299Z] >>> [apiv2][body] POST https://upload-firebasehosting.googleapis.com/upload/sites/inmyonion/versions/24b3c2da6ca14dab/files/e54539ca2a0bd801622bce5e20f1c9c38170ce9d0ea352db7fd1034ccde51887 [stream]
[debug] [2021-11-19T08:22:39.300Z] >>> [apiv2][query] POST https://upload-firebasehosting.googleapis.com/upload/sites/inmyonion/versions/24b3c2da6ca14dab/files/2544ca049f223a42bff01f72ad930a5edba75bbb7199d0f8430a02ff5aca16ec [none]
[debug] [2021-11-19T08:22:39.300Z] >>> [apiv2][body] POST https://upload-firebasehosting.googleapis.com/upload/sites/inmyonion/versions/24b3c2da6ca14dab/files/2544ca049f223a42bff01f72ad930a5edba75bbb7199d0f8430a02ff5aca16ec [stream]
[debug] [2021-11-19T08:22:39.301Z] >>> [apiv2][query] POST https://upload-firebasehosting.googleapis.com/upload/sites/inmyonion/versions/24b3c2da6ca14dab/files/a557f696d069b4a3f228846e98ae1151211c3621c3b74f6c6f60773233f5e416 [none]
[debug] [2021-11-19T08:22:39.301Z] >>> [apiv2][body] POST https://upload-firebasehosting.googleapis.com/upload/sites/inmyonion/versions/24b3c2da6ca14dab/files/a557f696d069b4a3f228846e98ae1151211c3621c3b74f6c6f60773233f5e416 [stream]
[debug] [2021-11-19T08:22:39.302Z] >>> [apiv2][query] POST https://upload-firebasehosting.googleapis.com/upload/sites/inmyonion/versions/24b3c2da6ca14dab/files/92a57cad60e65666db8c6503756112fe3d0092771b3a6762c6981e4a98616e65 [none]
[debug] [2021-11-19T08:22:39.302Z] >>> [apiv2][body] POST https://upload-firebasehosting.googleapis.com/upload/sites/inmyonion/versions/24b3c2da6ca14dab/files/92a57cad60e65666db8c6503756112fe3d0092771b3a6762c6981e4a98616e65 [stream]
[debug] [2021-11-19T08:22:39.303Z] >>> [apiv2][query] POST https://upload-firebasehosting.googleapis.com/upload/sites/inmyonion/versions/24b3c2da6ca14dab/files/eff4870d24f1a2c2e103b435ec80b3882d0a1bd83a21d409ce80881d37746949 [none]
[debug] [2021-11-19T08:22:39.303Z] >>> [apiv2][body] POST https://upload-firebasehosting.googleapis.com/upload/sites/inmyonion/versions/24b3c2da6ca14dab/files/eff4870d24f1a2c2e103b435ec80b3882d0a1bd83a21d409ce80881d37746949 [stream]
[debug] [2021-11-19T08:22:39.304Z] >>> [apiv2][query] POST https://upload-firebasehosting.googleapis.com/upload/sites/inmyonion/versions/24b3c2da6ca14dab/files/bcbbaf8842e5b32cd99ee89d25df999dae357a0e939729081718fe76a88e809a [none]
[debug] [2021-11-19T08:22:39.305Z] >>> [apiv2][body] POST https://upload-firebasehosting.googleapis.com/upload/sites/inmyonion/versions/24b3c2da6ca14dab/files/bcbbaf8842e5b32cd99ee89d25df999dae357a0e939729081718fe76a88e809a [stream]
[debug] [2021-11-19T08:22:39.305Z] >>> [apiv2][query] POST https://upload-firebasehosting.googleapis.com/upload/sites/inmyonion/versions/24b3c2da6ca14dab/files/d327992566a724bf0fb7cc7347d206ba3ebdc4242276aedd986dd40a10339d8b [none]
[debug] [2021-11-19T08:22:39.305Z] >>> [apiv2][body] POST https://upload-firebasehosting.googleapis.com/upload/sites/inmyonion/versions/24b3c2da6ca14dab/files/d327992566a724bf0fb7cc7347d206ba3ebdc4242276aedd986dd40a10339d8b [stream]
[debug] [2021-11-19T08:22:39.306Z] >>> [apiv2][query] POST https://upload-firebasehosting.googleapis.com/upload/sites/inmyonion/versions/24b3c2da6ca14dab/files/f22e33e41d9ecc6b44a5704975781ece8206ed33314e6b479122f5c97fcdf115 [none]
[debug] [2021-11-19T08:22:39.306Z] >>> [apiv2][body] POST https://upload-firebasehosting.googleapis.com/upload/sites/inmyonion/versions/24b3c2da6ca14dab/files/f22e33e41d9ecc6b44a5704975781ece8206ed33314e6b479122f5c97fcdf115 [stream]
[debug] [2021-11-19T08:22:39.307Z] >>> [apiv2][query] POST https://upload-firebasehosting.googleapis.com/upload/sites/inmyonion/versions/24b3c2da6ca14dab/files/af4877152eed0ff797f6408f4a96758feca04f3b4f4ad6e55e51e3eca83ff949 [none]
[debug] [2021-11-19T08:22:39.308Z] >>> [apiv2][body] POST https://upload-firebasehosting.googleapis.com/upload/sites/inmyonion/versions/24b3c2da6ca14dab/files/af4877152eed0ff797f6408f4a96758feca04f3b4f4ad6e55e51e3eca83ff949 [stream]
[debug] [2021-11-19T08:22:39.308Z] >>> [apiv2][query] POST https://upload-firebasehosting.googleapis.com/upload/sites/inmyonion/versions/24b3c2da6ca14dab/files/b90db2706ed32b44645dcd58a9177b0395395d315ff6bfe247a6f1db62164f2d [none]
[debug] [2021-11-19T08:22:39.308Z] >>> [apiv2][body] POST https://upload-firebasehosting.googleapis.com/upload/sites/inmyonion/versions/24b3c2da6ca14dab/files/b90db2706ed32b44645dcd58a9177b0395395d315ff6bfe247a6f1db62164f2d [stream]
[debug] [2021-11-19T08:22:39.309Z] >>> [apiv2][query] POST https://upload-firebasehosting.googleapis.com/upload/sites/inmyonion/versions/24b3c2da6ca14dab/files/6ab58428d77df455783194ec0baba40a11e238c16c9dd1b9cabed80f569c7f7c [none]
[debug] [2021-11-19T08:22:39.309Z] >>> [apiv2][body] POST https://upload-firebasehosting.googleapis.com/upload/sites/inmyonion/versions/24b3c2da6ca14dab/files/6ab58428d77df455783194ec0baba40a11e238c16c9dd1b9cabed80f569c7f7c [stream]
[debug] [2021-11-19T08:22:39.310Z] >>> [apiv2][query] POST https://upload-firebasehosting.googleapis.com/upload/sites/inmyonion/versions/24b3c2da6ca14dab/files/4dfd9f8e94548c4387e784a921cd7d204e07efab03f1b17b14596f7b9c28dd1a [none]
[debug] [2021-11-19T08:22:39.310Z] >>> [apiv2][body] POST https://upload-firebasehosting.googleapis.com/upload/sites/inmyonion/versions/24b3c2da6ca14dab/files/4dfd9f8e94548c4387e784a921cd7d204e07efab03f1b17b14596f7b9c28dd1a [stream]
[debug] [2021-11-19T08:22:39.311Z] >>> [apiv2][query] POST https://upload-firebasehosting.googleapis.com/upload/sites/inmyonion/versions/24b3c2da6ca14dab/files/3da78b3ab44db48f3b85a2f57886a1846572d8661695041b82f731ac683ad242 [none]
[debug] [2021-11-19T08:22:39.311Z] >>> [apiv2][body] POST https://upload-firebasehosting.googleapis.com/upload/sites/inmyonion/versions/24b3c2da6ca14dab/files/3da78b3ab44db48f3b85a2f57886a1846572d8661695041b82f731ac683ad242 [stream]
[debug] [2021-11-19T08:22:39.313Z] >>> [apiv2][query] POST https://upload-firebasehosting.googleapis.com/upload/sites/inmyonion/versions/24b3c2da6ca14dab/files/1059d987c60856ef41e06ae9707cb742695f36ed2276b117bd05be77110f9bf5 [none]
[debug] [2021-11-19T08:22:39.313Z] >>> [apiv2][body] POST https://upload-firebasehosting.googleapis.com/upload/sites/inmyonion/versions/24b3c2da6ca14dab/files/1059d987c60856ef41e06ae9707cb742695f36ed2276b117bd05be77110f9bf5 [stream]
[debug] [2021-11-19T08:22:39.314Z] >>> [apiv2][query] POST https://upload-firebasehosting.googleapis.com/upload/sites/inmyonion/versions/24b3c2da6ca14dab/files/96dc3a080a45e1cf054ad7e2129d4d138d93e5a610b9a750edfaf6bfb6900a08 [none]
[debug] [2021-11-19T08:22:39.314Z] >>> [apiv2][body] POST https://upload-firebasehosting.googleapis.com/upload/sites/inmyonion/versions/24b3c2da6ca14dab/files/96dc3a080a45e1cf054ad7e2129d4d138d93e5a610b9a750edfaf6bfb6900a08 [stream]
[debug] [2021-11-19T08:22:39.316Z] >>> [apiv2][query] POST https://upload-firebasehosting.googleapis.com/upload/sites/inmyonion/versions/24b3c2da6ca14dab/files/a9be5bc98dea4885de33a9abe0ba3e1fc434f1c44461ebaa7479e47bf3b7a664 [none]
[debug] [2021-11-19T08:22:39.316Z] >>> [apiv2][body] POST https://upload-firebasehosting.googleapis.com/upload/sites/inmyonion/versions/24b3c2da6ca14dab/files/a9be5bc98dea4885de33a9abe0ba3e1fc434f1c44461ebaa7479e47bf3b7a664 [stream]
[debug] [2021-11-19T08:22:39.317Z] >>> [apiv2][query] POST https://upload-firebasehosting.googleapis.com/upload/sites/inmyonion/versions/24b3c2da6ca14dab/files/abb1ea9f09d118c3e5c73c1d4d424ad0de8564e1f3cf748640132a374a967057 [none]
[debug] [2021-11-19T08:22:39.317Z] >>> [apiv2][body] POST https://upload-firebasehosting.googleapis.com/upload/sites/inmyonion/versions/24b3c2da6ca14dab/files/abb1ea9f09d118c3e5c73c1d4d424ad0de8564e1f3cf748640132a374a967057 [stream]
[debug] [2021-11-19T08:22:39.318Z] >>> [apiv2][query] POST https://upload-firebasehosting.googleapis.com/upload/sites/inmyonion/versions/24b3c2da6ca14dab/files/7311dc2bb704a5c19eb62c0469c1d0db2ef23aea220957b96744c2534f296f77 [none]
[debug] [2021-11-19T08:22:39.318Z] >>> [apiv2][body] POST https://upload-firebasehosting.googleapis.com/upload/sites/inmyonion/versions/24b3c2da6ca14dab/files/7311dc2bb704a5c19eb62c0469c1d0db2ef23aea220957b96744c2534f296f77 [stream]
[debug] [2021-11-19T08:22:39.319Z] [hosting][populate queue][FINAL] {"max":18454,"min":18454,"avg":18454,"active":0,"complete":1,"success":1,"errored":0,"retried":0,"total":1,"elapsed":18489}
[debug] [2021-11-19T08:22:39.319Z] [hosting] uploads queued: 21
[debug] [2021-11-19T08:22:42.680Z] <<< [apiv2][status] POST https://upload-firebasehosting.googleapis.com/upload/sites/inmyonion/versions/24b3c2da6ca14dab/files/d327992566a724bf0fb7cc7347d206ba3ebdc4242276aedd986dd40a10339d8b 200
[debug] [2021-11-19T08:22:42.680Z] <<< [apiv2][body] POST https://upload-firebasehosting.googleapis.com/upload/sites/inmyonion/versions/24b3c2da6ca14dab/files/d327992566a724bf0fb7cc7347d206ba3ebdc4242276aedd986dd40a10339d8b [stream]
[debug] [2021-11-19T08:22:42.682Z] <<< [apiv2][status] POST https://upload-firebasehosting.googleapis.com/upload/sites/inmyonion/versions/24b3c2da6ca14dab/files/9cdfc7861f39d6b5e5ed613970414f4ef0f745cdb6f011cf6fcf6cdf4461ae03 200
[debug] [2021-11-19T08:22:42.682Z] <<< [apiv2][body] POST https://upload-firebasehosting.googleapis.com/upload/sites/inmyonion/versions/24b3c2da6ca14dab/files/9cdfc7861f39d6b5e5ed613970414f4ef0f745cdb6f011cf6fcf6cdf4461ae03 [stream]
[debug] [2021-11-19T08:22:42.834Z] <<< [apiv2][status] POST https://upload-firebasehosting.googleapis.com/upload/sites/inmyonion/versions/24b3c2da6ca14dab/files/f63fd67cfaed506d9e1813d94f918981517d38f10e3b2c673d251012c4564b1e 200
[debug] [2021-11-19T08:22:42.834Z] <<< [apiv2][body] POST https://upload-firebasehosting.googleapis.com/upload/sites/inmyonion/versions/24b3c2da6ca14dab/files/f63fd67cfaed506d9e1813d94f918981517d38f10e3b2c673d251012c4564b1e [stream]
[debug] [2021-11-19T08:22:43.028Z] <<< [apiv2][status] POST https://upload-firebasehosting.googleapis.com/upload/sites/inmyonion/versions/24b3c2da6ca14dab/files/6ab58428d77df455783194ec0baba40a11e238c16c9dd1b9cabed80f569c7f7c 200
[debug] [2021-11-19T08:22:43.029Z] <<< [apiv2][body] POST https://upload-firebasehosting.googleapis.com/upload/sites/inmyonion/versions/24b3c2da6ca14dab/files/6ab58428d77df455783194ec0baba40a11e238c16c9dd1b9cabed80f569c7f7c [stream]
[debug] [2021-11-19T08:22:43.381Z] <<< [apiv2][status] POST https://upload-firebasehosting.googleapis.com/upload/sites/inmyonion/versions/24b3c2da6ca14dab/files/af4877152eed0ff797f6408f4a96758feca04f3b4f4ad6e55e51e3eca83ff949 200
[debug] [2021-11-19T08:22:43.381Z] <<< [apiv2][body] POST https://upload-firebasehosting.googleapis.com/upload/sites/inmyonion/versions/24b3c2da6ca14dab/files/af4877152eed0ff797f6408f4a96758feca04f3b4f4ad6e55e51e3eca83ff949 [stream]
[debug] [2021-11-19T08:22:43.707Z] <<< [apiv2][status] POST https://upload-firebasehosting.googleapis.com/upload/sites/inmyonion/versions/24b3c2da6ca14dab/files/f22e33e41d9ecc6b44a5704975781ece8206ed33314e6b479122f5c97fcdf115 200
[debug] [2021-11-19T08:22:43.707Z] <<< [apiv2][body] POST https://upload-firebasehosting.googleapis.com/upload/sites/inmyonion/versions/24b3c2da6ca14dab/files/f22e33e41d9ecc6b44a5704975781ece8206ed33314e6b479122f5c97fcdf115 [stream]
[debug] [2021-11-19T08:22:43.708Z] <<< [apiv2][status] POST https://upload-firebasehosting.googleapis.com/upload/sites/inmyonion/versions/24b3c2da6ca14dab/files/e54539ca2a0bd801622bce5e20f1c9c38170ce9d0ea352db7fd1034ccde51887 200
[debug] [2021-11-19T08:22:43.708Z] <<< [apiv2][body] POST https://upload-firebasehosting.googleapis.com/upload/sites/inmyonion/versions/24b3c2da6ca14dab/files/e54539ca2a0bd801622bce5e20f1c9c38170ce9d0ea352db7fd1034ccde51887 [stream]
[debug] [2021-11-19T08:22:44.176Z] <<< [apiv2][status] POST https://upload-firebasehosting.googleapis.com/upload/sites/inmyonion/versions/24b3c2da6ca14dab/files/2544ca049f223a42bff01f72ad930a5edba75bbb7199d0f8430a02ff5aca16ec 200
[debug] [2021-11-19T08:22:44.176Z] <<< [apiv2][body] POST https://upload-firebasehosting.googleapis.com/upload/sites/inmyonion/versions/24b3c2da6ca14dab/files/2544ca049f223a42bff01f72ad930a5edba75bbb7199d0f8430a02ff5aca16ec [stream]
[debug] [2021-11-19T08:22:44.273Z] <<< [apiv2][status] POST https://upload-firebasehosting.googleapis.com/upload/sites/inmyonion/versions/24b3c2da6ca14dab/files/1059d987c60856ef41e06ae9707cb742695f36ed2276b117bd05be77110f9bf5 200
[debug] [2021-11-19T08:22:44.274Z] <<< [apiv2][body] POST https://upload-firebasehosting.googleapis.com/upload/sites/inmyonion/versions/24b3c2da6ca14dab/files/1059d987c60856ef41e06ae9707cb742695f36ed2276b117bd05be77110f9bf5 [stream]
[debug] [2021-11-19T08:22:44.285Z] <<< [apiv2][status] POST https://upload-firebasehosting.googleapis.com/upload/sites/inmyonion/versions/24b3c2da6ca14dab/files/96dc3a080a45e1cf054ad7e2129d4d138d93e5a610b9a750edfaf6bfb6900a08 200
[debug] [2021-11-19T08:22:44.285Z] <<< [apiv2][body] POST https://upload-firebasehosting.googleapis.com/upload/sites/inmyonion/versions/24b3c2da6ca14dab/files/96dc3a080a45e1cf054ad7e2129d4d138d93e5a610b9a750edfaf6bfb6900a08 [stream]
[debug] [2021-11-19T08:22:44.292Z] <<< [apiv2][status] POST https://upload-firebasehosting.googleapis.com/upload/sites/inmyonion/versions/24b3c2da6ca14dab/files/eff4870d24f1a2c2e103b435ec80b3882d0a1bd83a21d409ce80881d37746949 200
[debug] [2021-11-19T08:22:44.293Z] <<< [apiv2][body] POST https://upload-firebasehosting.googleapis.com/upload/sites/inmyonion/versions/24b3c2da6ca14dab/files/eff4870d24f1a2c2e103b435ec80b3882d0a1bd83a21d409ce80881d37746949 [stream]
[debug] [2021-11-19T08:22:44.299Z] <<< [apiv2][status] POST https://upload-firebasehosting.googleapis.com/upload/sites/inmyonion/versions/24b3c2da6ca14dab/files/7311dc2bb704a5c19eb62c0469c1d0db2ef23aea220957b96744c2534f296f77 200
[debug] [2021-11-19T08:22:44.300Z] <<< [apiv2][body] POST https://upload-firebasehosting.googleapis.com/upload/sites/inmyonion/versions/24b3c2da6ca14dab/files/7311dc2bb704a5c19eb62c0469c1d0db2ef23aea220957b96744c2534f296f77 [stream]
[debug] [2021-11-19T08:22:44.306Z] <<< [apiv2][status] POST https://upload-firebasehosting.googleapis.com/upload/sites/inmyonion/versions/24b3c2da6ca14dab/files/a9be5bc98dea4885de33a9abe0ba3e1fc434f1c44461ebaa7479e47bf3b7a664 200
[debug] [2021-11-19T08:22:44.306Z] <<< [apiv2][body] POST https://upload-firebasehosting.googleapis.com/upload/sites/inmyonion/versions/24b3c2da6ca14dab/files/a9be5bc98dea4885de33a9abe0ba3e1fc434f1c44461ebaa7479e47bf3b7a664 [stream]
[debug] [2021-11-19T08:22:44.618Z] <<< [apiv2][status] POST https://upload-firebasehosting.googleapis.com/upload/sites/inmyonion/versions/24b3c2da6ca14dab/files/4dfd9f8e94548c4387e784a921cd7d204e07efab03f1b17b14596f7b9c28dd1a 200
[debug] [2021-11-19T08:22:44.618Z] <<< [apiv2][body] POST https://upload-firebasehosting.googleapis.com/upload/sites/inmyonion/versions/24b3c2da6ca14dab/files/4dfd9f8e94548c4387e784a921cd7d204e07efab03f1b17b14596f7b9c28dd1a [stream]
[debug] [2021-11-19T08:22:45.227Z] <<< [apiv2][status] POST https://upload-firebasehosting.googleapis.com/upload/sites/inmyonion/versions/24b3c2da6ca14dab/files/58545f5fcf7613f6b810e57576258cba595a9dbbfb047b3fda5ae100547f05ed 200
[debug] [2021-11-19T08:22:45.227Z] <<< [apiv2][body] POST https://upload-firebasehosting.googleapis.com/upload/sites/inmyonion/versions/24b3c2da6ca14dab/files/58545f5fcf7613f6b810e57576258cba595a9dbbfb047b3fda5ae100547f05ed [stream]
[debug] [2021-11-19T08:22:45.279Z] <<< [apiv2][status] POST https://upload-firebasehosting.googleapis.com/upload/sites/inmyonion/versions/24b3c2da6ca14dab/files/a557f696d069b4a3f228846e98ae1151211c3621c3b74f6c6f60773233f5e416 200
[debug] [2021-11-19T08:22:45.279Z] <<< [apiv2][body] POST https://upload-firebasehosting.googleapis.com/upload/sites/inmyonion/versions/24b3c2da6ca14dab/files/a557f696d069b4a3f228846e98ae1151211c3621c3b74f6c6f60773233f5e416 [stream]
[debug] [2021-11-19T08:22:45.311Z] <<< [apiv2][status] POST https://upload-firebasehosting.googleapis.com/upload/sites/inmyonion/versions/24b3c2da6ca14dab/files/abb1ea9f09d118c3e5c73c1d4d424ad0de8564e1f3cf748640132a374a967057 200
[debug] [2021-11-19T08:22:45.312Z] <<< [apiv2][body] POST https://upload-firebasehosting.googleapis.com/upload/sites/inmyonion/versions/24b3c2da6ca14dab/files/abb1ea9f09d118c3e5c73c1d4d424ad0de8564e1f3cf748640132a374a967057 [stream]
[debug] [2021-11-19T08:22:45.463Z] <<< [apiv2][status] POST https://upload-firebasehosting.googleapis.com/upload/sites/inmyonion/versions/24b3c2da6ca14dab/files/bcbbaf8842e5b32cd99ee89d25df999dae357a0e939729081718fe76a88e809a 200
[debug] [2021-11-19T08:22:45.464Z] <<< [apiv2][body] POST https://upload-firebasehosting.googleapis.com/upload/sites/inmyonion/versions/24b3c2da6ca14dab/files/bcbbaf8842e5b32cd99ee89d25df999dae357a0e939729081718fe76a88e809a [stream]
[debug] [2021-11-19T08:22:45.893Z] <<< [apiv2][status] POST https://upload-firebasehosting.googleapis.com/upload/sites/inmyonion/versions/24b3c2da6ca14dab/files/b90db2706ed32b44645dcd58a9177b0395395d315ff6bfe247a6f1db62164f2d 200
[debug] [2021-11-19T08:22:45.893Z] <<< [apiv2][body] POST https://upload-firebasehosting.googleapis.com/upload/sites/inmyonion/versions/24b3c2da6ca14dab/files/b90db2706ed32b44645dcd58a9177b0395395d315ff6bfe247a6f1db62164f2d [stream]
